gi_409913960_ref_NC_018936.1__253	gi|523414886|ref|NC_020540.2|	296196	297299	0.0	1107
gi_409913960_ref_NC_018936.1__193	gi|523414886|ref|NC_020540.2|	1654903	1653461	0.0	1446
gi_409913960_ref_NC_018936.1__187	gi|523414886|ref|NC_020540.2|	1661279	1659498	0.0	1785
gi_409913960_ref_NC_018936.1__258	gi|523414886|ref|NC_020540.2|	302034	302723	4e-98	693
gi_409913960_ref_NC_018936.1__1644	gi|523414886|ref|NC_020540.2|	1692010	1690880	0.0	1197
gi_409913960_ref_NC_018936.1__250	gi|523414886|ref|NC_020540.2|	294181	294771	1e-130	594
gi_409913960_ref_NC_018936.1__1396	gi|523414886|ref|NC_020540.2|	1442594	1442974	7e-83	384
gi_409913960_ref_NC_018936.1__400	gi|523414886|ref|NC_020540.2|	441133	441948	6e-175	819
gi_409913960_ref_NC_018936.1__645	gi|523414886|ref|NC_020540.2|	711471	711638	4e-31	171
gi_409913960_ref_NC_018936.1__634	gi|523414886|ref|NC_020540.2|	700515	701144	6e-132	651
gi_409913960_ref_NC_018936.1__1642	gi|523414886|ref|NC_020540.2|	1690081	1689164	3e-152	921
gi_409913960_ref_NC_018936.1__886	gi|523414886|ref|NC_020540.2|	957174	956503	1e-130	675
gi_409913960_ref_NC_018936.1__1261	gi|523414886|ref|NC_020540.2|	1321333	1319438	0.0	1899
gi_409913960_ref_NC_018936.1__889	gi|523414886|ref|NC_020540.2|	961741	960986	2e-168	759
gi_409913960_ref_NC_018936.1__1384	gi|523414886|ref|NC_020540.2|	1439273	1438122	0.0	1155
gi_409913960_ref_NC_018936.1__314	gi|523414886|ref|NC_020540.2|	357756	358628	0.0	876
gi_409913960_ref_NC_018936.1__316	gi|523414886|ref|NC_020540.2|	359294	359614	3e-67	324
gi_409913960_ref_NC_018936.1__732	gi|523414886|ref|NC_020540.2|	806716	808362	0.0	1650
gi_409913960_ref_NC_018936.1__1621	gi|523414886|ref|NC_020540.2|	194977	195174	6e-33	201
gi_409913960_ref_NC_018936.1__740	gi|523414886|ref|NC_020540.2|	815822	816421	1e-130	603
gi_409913960_ref_NC_018936.1__1614	gi|523414886|ref|NC_020540.2|	201649	200951	9e-133	702
gi_409913960_ref_NC_018936.1__1407	gi|523414886|ref|NC_020540.2|	1451383	1450934	5e-77	462
gi_409913960_ref_NC_018936.1__189	gi|523414886|ref|NC_020540.2|	1658500	1658057	5e-96	447
gi_409913960_ref_NC_018936.1__248	gi|523414886|ref|NC_020540.2|	293175	293480	6e-62	309
gi_409913960_ref_NC_018936.1__1015	gi|523414886|ref|NC_020540.2|	1073750	1073304	3e-97	450
gi_409913960_ref_NC_018936.1__1378	gi|523414886|ref|NC_020540.2|	1432136	1430817	0.0	1323
gi_409913960_ref_NC_018936.1__1259	gi|523414886|ref|NC_020540.2|	1318623	1317622	0.0	1005
gi_409913960_ref_NC_018936.1__1018	gi|523414886|ref|NC_020540.2|	1076413	1074422	0.0	1995
gi_409913960_ref_NC_018936.1__1014	gi|523414886|ref|NC_020540.2|	1073123	1071747	0.0	1380
gi_409913960_ref_NC_018936.1__879	gi|523414886|ref|NC_020540.2|	950662	949133	0.0	1533
gi_409913960_ref_NC_018936.1__1392	gi|523414886|ref|NC_020540.2|	1441307	1441095	5e-41	216
gi_409913960_ref_NC_018936.1__257	gi|523414886|ref|NC_020540.2|	300969	302030	0.0	1065
gi_409913960_ref_NC_018936.1__666	gi|523414886|ref|NC_020540.2|	732145	734091	0.0	1950
gi_409913960_ref_NC_018936.1__403	gi|523414886|ref|NC_020540.2|	444588	445832	0.0	1248
gi_409913960_ref_NC_018936.1__1399	gi|523414886|ref|NC_020540.2|	1445568	1444936	7e-142	636
gi_409913960_ref_NC_018936.1__638	gi|523414886|ref|NC_020540.2|	704231	705172	0.0	945
gi_409913960_ref_NC_018936.1__773	gi|523414886|ref|NC_020540.2|	843021	842359	2e-133	666
gi_409913960_ref_NC_018936.1__637	gi|523414886|ref|NC_020540.2|	703356	704246	8e-168	894
gi_409913960_ref_NC_018936.1__746	gi|523414886|ref|NC_020540.2|	821738	822058	4e-56	324
gi_409913960_ref_NC_018936.1__1551	gi|523414886|ref|NC_020540.2|	270736	271470	6e-152	738
gi_409913960_ref_NC_018936.1__1390	gi|523414886|ref|NC_020540.2|	1191052	1190891	2e-25	171
gi_409913960_ref_NC_018936.1__1390	gi|523414886|ref|NC_020540.2|	1440758	1440591	4e-31	171
gi_409913960_ref_NC_018936.1__269	gi|523414886|ref|NC_020540.2|	313604	314095	2e-105	495
gi_409913960_ref_NC_018936.1__636	gi|523414886|ref|NC_020540.2|	701929	703074	0.0	1233
gi_409913960_ref_NC_018936.1__770	gi|523414886|ref|NC_020540.2|	839668	840459	2e-171	795
gi_409913960_ref_NC_018936.1__1554	gi|523414886|ref|NC_020540.2|	268350	268493	7e-27	147
gi_409913960_ref_NC_018936.1__749	gi|523414886|ref|NC_020540.2|	823697	824380	1e-149	687
gi_409913960_ref_NC_018936.1__185	gi|523414886|ref|NC_020540.2|	1663430	1662984	3e-95	450
gi_409913960_ref_NC_018936.1__243	gi|523414886|ref|NC_020540.2|	289144	289597	2e-67	459
gi_409913960_ref_NC_018936.1__243	gi|523414886|ref|NC_020540.2|	1593560	1593108	2e-81	459
gi_409913960_ref_NC_018936.1__195	gi|523414886|ref|NC_020540.2|	1651720	1650440	0.0	1284
gi_409913960_ref_NC_018936.1__401	gi|523414886|ref|NC_020540.2|	441953	442735	1e-139	786
gi_409913960_ref_NC_018936.1__639	gi|523414886|ref|NC_020540.2|	705168	706172	0.0	1008
gi_409913960_ref_NC_018936.1__311	gi|523414886|ref|NC_020540.2|	355497	356084	8e-122	591
gi_409913960_ref_NC_018936.1__888	gi|523414886|ref|NC_020540.2|	960915	960265	7e-143	654
gi_409913960_ref_NC_018936.1__313	gi|523414886|ref|NC_020540.2|	357103	357690	1e-126	636
gi_409913960_ref_NC_018936.1__1613	gi|523414886|ref|NC_020540.2|	196545	196501	0.43	507
gi_409913960_ref_NC_018936.1__1613	gi|523414886|ref|NC_020540.2|	202404	201901	1e-112	507
gi_409913960_ref_NC_018936.1__1613	gi|523414886|ref|NC_020540.2|	961639	961595	0.22	507
gi_409913960_ref_NC_018936.1__317	gi|523414886|ref|NC_020540.2|	359622	360482	0.0	864
gi_409913960_ref_NC_018936.1__769	gi|523414886|ref|NC_020540.2|	838530	839654	0.0	1155
gi_409913960_ref_NC_018936.1__1548	gi|523414886|ref|NC_020540.2|	274965	275567	2e-119	606
gi_409913960_ref_NC_018936.1__1620	gi|523414886|ref|NC_020540.2|	195884	195261	2e-139	627
gi_409913960_ref_NC_018936.1__744	gi|523414886|ref|NC_020540.2|	820351	820575	4e-27	366
gi_409913960_ref_NC_018936.1__880	gi|523414886|ref|NC_020540.2|	951853	950804	2e-180	1053
gi_409913960_ref_NC_018936.1__1615	gi|523414886|ref|NC_020540.2|	200398	200661	2e-54	267
gi_409913960_ref_NC_018936.1__1615	gi|523414886|ref|NC_020540.2|	518894	518868	5e-04	267
gi_409913960_ref_NC_018936.1__181	gi|523414886|ref|NC_020540.2|	191225	191305	6e-12	105
gi_409913960_ref_NC_018936.1__181	gi|523414886|ref|NC_020540.2|	291347	291427	6e-12	105
gi_409913960_ref_NC_018936.1__181	gi|523414886|ref|NC_020540.2|	327876	327793	5e-13	105
gi_409913960_ref_NC_018936.1__181	gi|523414886|ref|NC_020540.2|	338968	339048	6e-12	105
gi_409913960_ref_NC_018936.1__181	gi|523414886|ref|NC_020540.2|	1513730	1513650	6e-12	105
gi_409913960_ref_NC_018936.1__181	gi|523414886|ref|NC_020540.2|	1581009	1580929	6e-12	105
gi_409913960_ref_NC_018936.1__181	gi|523414886|ref|NC_020540.2|	1666766	1666665	1e-17	105
gi_409913960_ref_NC_018936.1__181	gi|523414886|ref|NC_020540.2|	1790802	1790722	6e-12	105
gi_409913960_ref_NC_018936.1__1398	gi|523414886|ref|NC_020540.2|	1443656	1444732	0.0	1080
gi_409913960_ref_NC_018936.1__406	gi|523414886|ref|NC_020540.2|	447790	449139	0.0	1353
gi_409913960_ref_NC_018936.1__241	gi|523414886|ref|NC_020540.2|	1600899	1599979	0.0	924
gi_409913960_ref_NC_018936.1__670	gi|523414886|ref|NC_020540.2|	738474	739676	0.0	1206
gi_409913960_ref_NC_018936.1__1382	gi|523414886|ref|NC_020540.2|	1437706	1437203	9e-101	558
gi_409913960_ref_NC_018936.1__1624	gi|523414886|ref|NC_020540.2|	191225	191317	5e-15	96
gi_409913960_ref_NC_018936.1__1624	gi|523414886|ref|NC_020540.2|	291347	291427	8e-12	96
gi_409913960_ref_NC_018936.1__1624	gi|523414886|ref|NC_020540.2|	327876	327796	8e-12	96
gi_409913960_ref_NC_018936.1__1624	gi|523414886|ref|NC_020540.2|	338968	339048	8e-12	96
gi_409913960_ref_NC_018936.1__1624	gi|523414886|ref|NC_020540.2|	1513730	1513650	8e-12	96
gi_409913960_ref_NC_018936.1__1624	gi|523414886|ref|NC_020540.2|	1581009	1580917	5e-13	96
gi_409913960_ref_NC_018936.1__1624	gi|523414886|ref|NC_020540.2|	1666766	1666686	8e-12	96
gi_409913960_ref_NC_018936.1__1624	gi|523414886|ref|NC_020540.2|	1790802	1790722	8e-12	96
gi_409913960_ref_NC_018936.1__751	gi|523414886|ref|NC_020540.2|	825870	826007	2e-25	141
gi_409913960_ref_NC_018936.1__402	gi|523414886|ref|NC_020540.2|	443483	444628	0.0	1149
gi_409913960_ref_NC_018936.1__1623	gi|523414886|ref|NC_020540.2|	191398	192315	0.0	921
gi_409913960_ref_NC_018936.1__254	gi|523414886|ref|NC_020540.2|	297784	298497	4e-146	717
gi_409913960_ref_NC_018936.1__265	gi|523414886|ref|NC_020540.2|	309265	310158	4e-156	897
gi_409913960_ref_NC_018936.1__1550	gi|523414886|ref|NC_020540.2|	271475	273379	0.0	1908
gi_409913960_ref_NC_018936.1__261	gi|523414886|ref|NC_020540.2|	306327	305656	3e-147	675
gi_409913960_ref_NC_018936.1__307	gi|523414886|ref|NC_020540.2|	351063	350284	6e-175	783
gi_409913960_ref_NC_018936.1__668	gi|523414886|ref|NC_020540.2|	736767	737786	0.0	1023
gi_409913960_ref_NC_018936.1__1552	gi|523414886|ref|NC_020540.2|	270377	270736	6e-78	363
gi_409913960_ref_NC_018936.1__1643	gi|523414886|ref|NC_020540.2|	1690875	1690573	8e-66	306
gi_409913960_ref_NC_018936.1__772	gi|523414886|ref|NC_020540.2|	841228	842298	0.0	1074
gi_409913960_ref_NC_018936.1__183	gi|523414886|ref|NC_020540.2|	1664777	1665673	0.0	900
gi_409913960_ref_NC_018936.1__183	gi|523414886|ref|NC_020540.2|	1813997	1814890	0.0	900
gi_409913960_ref_NC_018936.1__635	gi|523414886|ref|NC_020540.2|	701168	701833	2e-148	669
gi_409913960_ref_NC_018936.1__1406	gi|523414886|ref|NC_020540.2|	1450947	1450426	3e-113	525
gi_409913960_ref_NC_018936.1__737	gi|523414886|ref|NC_020540.2|	811546	812244	3e-143	702
gi_409913960_ref_NC_018936.1__1403	gi|523414886|ref|NC_020540.2|	1448257	1448673	6e-91	420
gi_409913960_ref_NC_018936.1__1626	gi|523414886|ref|NC_020540.2|	1668443	1668147	7e-48	1068
gi_409913960_ref_NC_018936.1__1626	gi|523414886|ref|NC_020540.2|	1669211	1668771	3e-84	1068
gi_409913960_ref_NC_018936.1__315	gi|523414886|ref|NC_020540.2|	358650	358886	5e-49	240
gi_409913960_ref_NC_018936.1__887	gi|523414886|ref|NC_020540.2|	960057	957523	0.0	2538
gi_409913960_ref_NC_018936.1__771	gi|523414886|ref|NC_020540.2|	840459	841232	5e-145	777
gi_409913960_ref_NC_018936.1__263	gi|523414886|ref|NC_020540.2|	308511	307801	3e-157	714
gi_409913960_ref_NC_018936.1__255	gi|523414886|ref|NC_020540.2|	298703	299542	5e-173	843
gi_409913960_ref_NC_018936.1__672	gi|523414886|ref|NC_020540.2|	740727	741710	0.0	987
gi_409913960_ref_NC_018936.1__272	gi|523414886|ref|NC_020540.2|	316223	317530	0.0	1311
gi_409913960_ref_NC_018936.1__268	gi|523414886|ref|NC_020540.2|	311887	313386	0.0	1503
gi_409913960_ref_NC_018936.1__1017	gi|523414886|ref|NC_020540.2|	1074396	1074088	9e-54	312
gi_409913960_ref_NC_018936.1__1636	gi|523414886|ref|NC_020540.2|	1685313	1684099	0.0	1218
gi_409913960_ref_NC_018936.1__1393	gi|523414886|ref|NC_020540.2|	1441355	1441765	4e-79	414
gi_409913960_ref_NC_018936.1__748	gi|523414886|ref|NC_020540.2|	822851	823543	4e-141	696
gi_409913960_ref_NC_018936.1__675	gi|523414886|ref|NC_020540.2|	743882	743742	7e-06	177
gi_409913960_ref_NC_018936.1__647	gi|523414886|ref|NC_020540.2|	713010	713606	3e-131	600
gi_409913960_ref_NC_018936.1__1628	gi|523414886|ref|NC_020540.2|	1673236	1674438	0.0	1206
gi_409913960_ref_NC_018936.1__1016	gi|523414886|ref|NC_020540.2|	1074082	1073750	1e-68	336
gi_409913960_ref_NC_018936.1__644	gi|523414886|ref|NC_020540.2|	710954	711448	5e-111	498
gi_409913960_ref_NC_018936.1__641	gi|523414886|ref|NC_020540.2|	708664	707390	0.0	1278
gi_409913960_ref_NC_018936.1__405	gi|523414886|ref|NC_020540.2|	447087	447794	8e-145	711
gi_409913960_ref_NC_018936.1__1622	gi|523414886|ref|NC_020540.2|	192331	194805	0.0	2478
gi_409913960_ref_NC_018936.1__249	gi|523414886|ref|NC_020540.2|	293552	294181	2e-139	633
gi_409913960_ref_NC_018936.1__1383	gi|523414886|ref|NC_020540.2|	1438115	1437720	1e-71	399
gi_409913960_ref_NC_018936.1__404	gi|523414886|ref|NC_020540.2|	445930	446922	0.0	996
gi_409913960_ref_NC_018936.1__1637	gi|523414886|ref|NC_020540.2|	96492	96524	6.8	675
gi_409913960_ref_NC_018936.1__1637	gi|523414886|ref|NC_020540.2|	1686000	1685329	8e-148	675
gi_409913960_ref_NC_018936.1__240	gi|523414886|ref|NC_020540.2|	1601962	1600895	0.0	1071
gi_409913960_ref_NC_018936.1__1385	gi|523414886|ref|NC_020540.2|	1439572	1439276	2e-48	300
gi_409913960_ref_NC_018936.1__649	gi|523414886|ref|NC_020540.2|	716657	714561	0.0	2100
gi_409913960_ref_NC_018936.1__643	gi|523414886|ref|NC_020540.2|	710035	710871	0.0	840
gi_409913960_ref_NC_018936.1__747	gi|523414886|ref|NC_020540.2|	822377	822583	1e-39	210
gi_409913960_ref_NC_018936.1__632	gi|523414886|ref|NC_020540.2|	697791	698198	4e-89	411
gi_409913960_ref_NC_018936.1__309	gi|523414886|ref|NC_020540.2|	352842	354473	0.0	1635
gi_409913960_ref_NC_018936.1__1379	gi|523414886|ref|NC_020540.2|	1432408	1432136	3e-57	276
gi_409913960_ref_NC_018936.1__1394	gi|523414886|ref|NC_020540.2|	1441904	1441752	1e-28	156
gi_409913960_ref_NC_018936.1__1402	gi|523414886|ref|NC_020540.2|	1448185	1447463	1e-160	726
gi_409913960_ref_NC_018936.1__1401	gi|523414886|ref|NC_020540.2|	1447457	1446426	1e-177	1035
gi_409913960_ref_NC_018936.1__182	gi|523414886|ref|NC_020540.2|	1666446	1665817	3e-113	672
gi_409913960_ref_NC_018936.1__264	gi|523414886|ref|NC_020540.2|	308661	309215	3e-108	558
gi_409913960_ref_NC_018936.1__734	gi|523414886|ref|NC_020540.2|	809151	810194	0.0	1047
gi_409913960_ref_NC_018936.1__677	gi|523414886|ref|NC_020540.2|	744988	746223	0.0	1239
gi_409913960_ref_NC_018936.1__1638	gi|523414886|ref|NC_020540.2|	1687255	1685990	0.0	1269
gi_409913960_ref_NC_018936.1__642	gi|523414886|ref|NC_020540.2|	709826	708654	0.0	1176
gi_409913960_ref_NC_018936.1__738	gi|523414886|ref|NC_020540.2|	812342	813736	0.0	1398
gi_409913960_ref_NC_018936.1__1380	gi|523414886|ref|NC_020540.2|	1435179	1432798	0.0	2385
gi_409913960_ref_NC_018936.1__752	gi|523414886|ref|NC_020540.2|	826125	826739	2e-123	618
gi_409913960_ref_NC_018936.1__1635	gi|523414886|ref|NC_020540.2|	1684002	1683352	5e-142	654
gi_409913960_ref_NC_018936.1__320	gi|523414886|ref|NC_020540.2|	361879	362232	2e-76	357
gi_409913960_ref_NC_018936.1__884	gi|523414886|ref|NC_020540.2|	954839	955069	4e-42	234
gi_409913960_ref_NC_018936.1__671	gi|523414886|ref|NC_020540.2|	740528	740229	1e-64	303
gi_409913960_ref_NC_018936.1__186	gi|523414886|ref|NC_020540.2|	1662988	1661285	0.0	1707
gi_409913960_ref_NC_018936.1__244	gi|523414886|ref|NC_020540.2|	190089	190787	2e-155	705
gi_409913960_ref_NC_018936.1__244	gi|523414886|ref|NC_020540.2|	290211	290909	8e-154	705
gi_409913960_ref_NC_018936.1__244	gi|523414886|ref|NC_020540.2|	329013	328315	8e-154	705
gi_409913960_ref_NC_018936.1__244	gi|523414886|ref|NC_020540.2|	337831	338532	4e-154	705
gi_409913960_ref_NC_018936.1__244	gi|523414886|ref|NC_020540.2|	1514877	1514179	2e-153	705
gi_409913960_ref_NC_018936.1__244	gi|523414886|ref|NC_020540.2|	1582147	1581446	4e-153	705
gi_409913960_ref_NC_018936.1__244	gi|523414886|ref|NC_020540.2|	1667893	1667192	2e-154	705
gi_409913960_ref_NC_018936.1__244	gi|523414886|ref|NC_020540.2|	1791940	1791239	4e-153	705
gi_409913960_ref_NC_018936.1__1387	gi|523414886|ref|NC_020540.2|	1440012	1439863	4e-27	153
gi_409913960_ref_NC_018936.1__1630	gi|523414886|ref|NC_020540.2|	1677481	1676030	0.0	1455
gi_409913960_ref_NC_018936.1__1553	gi|523414886|ref|NC_020540.2|	268579	270201	0.0	1626
gi_409913960_ref_NC_018936.1__247	gi|523414886|ref|NC_020540.2|	292032	293147	0.0	1119
gi_409913960_ref_NC_018936.1__1377	gi|523414886|ref|NC_020540.2|	1430813	1430649	7e-31	168
gi_409913960_ref_NC_018936.1__742	gi|523414886|ref|NC_020540.2|	819402	818029	0.0	1377
gi_409913960_ref_NC_018936.1__646	gi|523414886|ref|NC_020540.2|	711771	712997	0.0	1230
gi_409913960_ref_NC_018936.1__1640	gi|523414886|ref|NC_020540.2|	1688405	1688112	2e-62	297
gi_409913960_ref_NC_018936.1__399	gi|523414886|ref|NC_020540.2|	440139	441128	0.0	993
gi_409913960_ref_NC_018936.1__1381	gi|523414886|ref|NC_020540.2|	1437106	1435187	0.0	1923
gi_409913960_ref_NC_018936.1__673	gi|523414886|ref|NC_020540.2|	742024	742440	3e-91	420
gi_409913960_ref_NC_018936.1__310	gi|523414886|ref|NC_020540.2|	354644	355270	7e-137	630
gi_409913960_ref_NC_018936.1__1235	gi|523414886|ref|NC_020540.2|	1283747	1282026	0.0	1725
gi_409913960_ref_NC_018936.1__1400	gi|523414886|ref|NC_020540.2|	1446326	1445571	4e-171	792
gi_409913960_ref_NC_018936.1__1627	gi|523414886|ref|NC_020540.2|	1672802	1669311	0.0	3495
gi_409913960_ref_NC_018936.1__667	gi|523414886|ref|NC_020540.2|	734221	736641	0.0	2424
gi_409913960_ref_NC_018936.1__1404	gi|523414886|ref|NC_020540.2|	1448673	1449026	1e-75	357
gi_409913960_ref_NC_018936.1__631	gi|523414886|ref|NC_020540.2|	695022	696896	0.0	1878
gi_409913960_ref_NC_018936.1__631	gi|523414886|ref|NC_020540.2|	1732389	1732345	6.7	1878
gi_409913960_ref_NC_018936.1__1260	gi|523414886|ref|NC_020540.2|	1319312	1318623	2e-127	693
gi_409913960_ref_NC_018936.1__1549	gi|523414886|ref|NC_020540.2|	273422	274981	0.0	1563
gi_409913960_ref_NC_018936.1__262	gi|523414886|ref|NC_020540.2|	307728	306340	0.0	1392
gi_409913960_ref_NC_018936.1__633	gi|523414886|ref|NC_020540.2|	700295	698286	0.0	2013
gi_409913960_ref_NC_018936.1__260	gi|523414886|ref|NC_020540.2|	304384	305595	0.0	1215
gi_409913960_ref_NC_018936.1__669	gi|523414886|ref|NC_020540.2|	737853	738080	1e-44	231
gi_409913960_ref_NC_018936.1__266	gi|523414886|ref|NC_020540.2|	310395	310925	5e-101	534
gi_409913960_ref_NC_018936.1__1631	gi|523414886|ref|NC_020540.2|	1679255	1677669	0.0	1590
gi_409913960_ref_NC_018936.1__259	gi|523414886|ref|NC_020540.2|	304150	302783	0.0	1371
gi_409913960_ref_NC_018936.1__674	gi|523414886|ref|NC_020540.2|	742680	743585	4e-150	909
gi_409913960_ref_NC_018936.1__1616	gi|523414886|ref|NC_020540.2|	200219	198594	0.0	1629
gi_409913960_ref_NC_018936.1__242	gi|523414886|ref|NC_020540.2|	20551	20700	1e-28	153
gi_409913960_ref_NC_018936.1__242	gi|523414886|ref|NC_020540.2|	77356	77505	1e-28	153
gi_409913960_ref_NC_018936.1__242	gi|523414886|ref|NC_020540.2|	287202	287351	1e-28	153
gi_409913960_ref_NC_018936.1__242	gi|523414886|ref|NC_020540.2|	1306440	1306291	1e-28	153
gi_409913960_ref_NC_018936.1__242	gi|523414886|ref|NC_020540.2|	1595502	1595353	1e-28	153
gi_409913960_ref_NC_018936.1__322	gi|523414886|ref|NC_020540.2|	363370	364548	0.0	1182
gi_409913960_ref_NC_018936.1__1386	gi|523414886|ref|NC_020540.2|	1439782	1439663	7e-22	204
gi_409913960_ref_NC_018936.1__733	gi|523414886|ref|NC_020540.2|	808369	809154	2e-176	789
gi_409913960_ref_NC_018936.1__194	gi|523414886|ref|NC_020540.2|	1653063	1651720	0.0	1347
gi_409913960_ref_NC_018936.1__743	gi|523414886|ref|NC_020540.2|	819735	820232	5e-102	501
gi_409913960_ref_NC_018936.1__256	gi|523414886|ref|NC_020540.2|	299874	300716	0.0	846
gi_409913960_ref_NC_018936.1__251	gi|523414886|ref|NC_020540.2|	294774	295148	6e-67	378
gi_409913960_ref_NC_018936.1__1405	gi|523414886|ref|NC_020540.2|	1450414	1449143	0.0	1275
gi_409913960_ref_NC_018936.1__741	gi|523414886|ref|NC_020540.2|	816549	817955	0.0	1410
gi_409913960_ref_NC_018936.1__1633	gi|523414886|ref|NC_020540.2|	1681862	1680273	0.0	1602
gi_409913960_ref_NC_018936.1__753	gi|523414886|ref|NC_020540.2|	826824	827510	2e-146	690
gi_409913960_ref_NC_018936.1__323	gi|523414886|ref|NC_020540.2|	364814	369754	0.0	4944
gi_409913960_ref_NC_018936.1__739	gi|523414886|ref|NC_020540.2|	813841	815634	0.0	1797
gi_409913960_ref_NC_018936.1__1629	gi|523414886|ref|NC_020540.2|	1675838	1675023	6e-150	942
gi_409913960_ref_NC_018936.1__318	gi|523414886|ref|NC_020540.2|	360512	360901	6e-71	393
gi_409913960_ref_NC_018936.1__1641	gi|523414886|ref|NC_020540.2|	1688649	1688882	2e-48	237
gi_409913960_ref_NC_018936.1__192	gi|523414886|ref|NC_020540.2|	1655795	1655088	2e-144	711
gi_409913960_ref_NC_018936.1__890	gi|523414886|ref|NC_020540.2|	962557	961757	0.0	804
gi_409913960_ref_NC_018936.1__252	gi|523414886|ref|NC_020540.2|	295199	295939	1e-166	744
gi_409913960_ref_NC_018936.1__750	gi|523414886|ref|NC_020540.2|	824376	825686	0.0	1347
gi_409913960_ref_NC_018936.1__882	gi|523414886|ref|NC_020540.2|	953582	952998	1e-128	588
gi_409913960_ref_NC_018936.1__270	gi|523414886|ref|NC_020540.2|	314085	315254	0.0	1173
gi_409913960_ref_NC_018936.1__1391	gi|523414886|ref|NC_020540.2|	1441030	1440758	8e-58	276
gi_409913960_ref_NC_018936.1__1234	gi|523414886|ref|NC_020540.2|	1282023	1280542	0.0	1485
gi_409913960_ref_NC_018936.1__1618	gi|523414886|ref|NC_020540.2|	197504	196686	8e-169	822
gi_409913960_ref_NC_018936.1__640	gi|523414886|ref|NC_020540.2|	706168	707154	0.0	990
gi_409913960_ref_NC_018936.1__312	gi|523414886|ref|NC_020540.2|	356579	356851	2e-56	276
gi_409913960_ref_NC_018936.1__321	gi|523414886|ref|NC_020540.2|	363136	362312	0.0	828
gi_409913960_ref_NC_018936.1__736	gi|523414886|ref|NC_020540.2|	810976	811539	2e-126	567
gi_409913960_ref_NC_018936.1__1397	gi|523414886|ref|NC_020540.2|	1442988	1443536	1e-73	552
gi_409913960_ref_NC_018936.1__735	gi|523414886|ref|NC_020540.2|	810294	810638	9e-74	348
gi_409913960_ref_NC_018936.1__885	gi|523414886|ref|NC_020540.2|	956507	955200	0.0	1311
gi_409913960_ref_NC_018936.1__267	gi|523414886|ref|NC_020540.2|	311195	311878	1e-147	687
gi_409913960_ref_NC_018936.1__319	gi|523414886|ref|NC_020540.2|	361580	360954	7e-138	630
gi_409913960_ref_NC_018936.1__883	gi|523414886|ref|NC_020540.2|	953850	954767	0.0	921
gi_409913960_ref_NC_018936.1__1617	gi|523414886|ref|NC_020540.2|	198436	197504	0.0	978
gi_409913960_ref_NC_018936.1__1258	gi|523414886|ref|NC_020540.2|	1317626	1316988	1e-137	642
gi_409913960_ref_NC_018936.1__180	gi|523414886|ref|NC_020540.2|	190787	191217	0.0	1134
gi_409913960_ref_NC_018936.1__180	gi|523414886|ref|NC_020540.2|	290909	291339	0.0	1134
gi_409913960_ref_NC_018936.1__180	gi|523414886|ref|NC_020540.2|	329013	327884	0.0	1134
gi_409913960_ref_NC_018936.1__180	gi|523414886|ref|NC_020540.2|	337831	338960	0.0	1134
gi_409913960_ref_NC_018936.1__180	gi|523414886|ref|NC_020540.2|	1514877	1513738	0.0	1134
gi_409913960_ref_NC_018936.1__180	gi|523414886|ref|NC_020540.2|	1582147	1581017	0.0	1134
gi_409913960_ref_NC_018936.1__180	gi|523414886|ref|NC_020540.2|	1667893	1666774	3e-151	1134
gi_409913960_ref_NC_018936.1__180	gi|523414886|ref|NC_020540.2|	1791940	1790810	0.0	1134
gi_409913960_ref_NC_018936.1__1012	gi|523414886|ref|NC_020540.2|	1070707	1071444	1e-162	741
gi_409913960_ref_NC_018936.1__1212	gi|523414886|ref|NC_020540.2|	1255764	1255027	5e-160	741
gi_409913960_ref_NC_018936.1__1389	gi|523414886|ref|NC_020540.2|	1440595	1440395	2e-37	204
gi_409913960_ref_NC_018936.1__1013	gi|523414886|ref|NC_020540.2|	1071747	1071598	8e-18	153
gi_409913960_ref_NC_018936.1__191	gi|523414886|ref|NC_020540.2|	1656423	1655929	2e-108	498
gi_409913960_ref_NC_018936.1__1395	gi|523414886|ref|NC_020540.2|	1442230	1442577	1e-63	351
gi_409913960_ref_NC_018936.1__1619	gi|523414886|ref|NC_020540.2|	196671	195871	4e-177	804
gi_409913960_ref_NC_018936.1__1619	gi|523414886|ref|NC_020540.2|	202398	202354	1.2	804
gi_409913960_ref_NC_018936.1__745	gi|523414886|ref|NC_020540.2|	821195	821560	5e-66	369
gi_409913960_ref_NC_018936.1__676	gi|523414886|ref|NC_020540.2|	744016	744912	0.0	900
gi_409913960_ref_NC_018936.1__188	gi|523414886|ref|NC_020540.2|	1659377	1658613	5e-164	768
gi_409913960_ref_NC_018936.1__1645	gi|523414886|ref|NC_020540.2|	1692514	1692374	3e-26	144
gi_409913960_ref_NC_018936.1__246	gi|523414886|ref|NC_020540.2|	291505	292029	5e-114	528
gi_409913960_ref_NC_018936.1__1639	gi|523414886|ref|NC_020540.2|	1687962	1687681	2e-45	285
gi_409913960_ref_NC_018936.1__1634	gi|523414886|ref|NC_020540.2|	1683352	1681967	0.0	1389
gi_409913960_ref_NC_018936.1__308	gi|523414886|ref|NC_020540.2|	352754	351312	0.0	1446
gi_409913960_ref_NC_018936.1__1625	gi|523414886|ref|NC_020540.2|	190787	191217	0.0	1134
gi_409913960_ref_NC_018936.1__1625	gi|523414886|ref|NC_020540.2|	290909	291339	0.0	1134
gi_409913960_ref_NC_018936.1__1625	gi|523414886|ref|NC_020540.2|	329013	327884	0.0	1134
gi_409913960_ref_NC_018936.1__1625	gi|523414886|ref|NC_020540.2|	337831	338960	0.0	1134
gi_409913960_ref_NC_018936.1__1625	gi|523414886|ref|NC_020540.2|	1514877	1513738	0.0	1134
gi_409913960_ref_NC_018936.1__1625	gi|523414886|ref|NC_020540.2|	1582147	1581017	0.0	1134
gi_409913960_ref_NC_018936.1__1625	gi|523414886|ref|NC_020540.2|	1667893	1666774	2e-152	1134
gi_409913960_ref_NC_018936.1__1625	gi|523414886|ref|NC_020540.2|	1791940	1790810	0.0	1134
gi_409913960_ref_NC_018936.1__1632	gi|523414886|ref|NC_020540.2|	1680182	1679934	7e-40	252
gi_409913960_ref_NC_018936.1__881	gi|523414886|ref|NC_020540.2|	952336	951950	6e-84	390
gi_409913960_ref_NC_018936.1__1388	gi|523414886|ref|NC_020540.2|	1440395	1440012	1e-79	387
gi_409913960_ref_NC_018936.1__245	gi|523414886|ref|NC_020540.2|	190753	191217	8e-84	459
gi_409913960_ref_NC_018936.1__245	gi|523414886|ref|NC_020540.2|	328309	327884	4e-92	459
gi_409913960_ref_NC_018936.1__245	gi|523414886|ref|NC_020540.2|	338550	338960	2e-90	459
gi_409913960_ref_NC_018936.1__245	gi|523414886|ref|NC_020540.2|	1514172	1513738	2e-96	459
gi_409913960_ref_NC_018936.1__245	gi|523414886|ref|NC_020540.2|	1581442	1581017	6e-96	459
gi_409913960_ref_NC_018936.1__245	gi|523414886|ref|NC_020540.2|	1667229	1666774	6e-101	459
gi_409913960_ref_NC_018936.1__245	gi|523414886|ref|NC_020540.2|	1791235	1790810	1e-96	459
gi_409913960_ref_NC_018936.1__1211	gi|523414886|ref|NC_020540.2|	1255027	1253297	0.0	1734
gi_409913960_ref_NC_018936.1__196	gi|523414886|ref|NC_020540.2|	1650430	1649696	8e-166	738
gi_409913960_ref_NC_018936.1__179	gi|523414886|ref|NC_020540.2|	189839	189967	3e-23	132
gi_409913960_ref_NC_018936.1__179	gi|523414886|ref|NC_020540.2|	650317	650288	9.7	132
gi_409913960_ref_NC_018936.1__179	gi|523414886|ref|NC_020540.2|	1114220	1114249	9.0	132
gi_409913960_ref_NC_018936.1__271	gi|523414886|ref|NC_020540.2|	315258	316157	0.0	903
gi_409913960_ref_NC_018936.1__648	gi|523414886|ref|NC_020540.2|	713757	714497	2e-151	744
gi_409913960_ref_NC_018936.1__190	gi|523414886|ref|NC_020540.2|	1657973	1656615	0.0	1362
gi_409913960_ref_NC_018936.1__184	gi|523414886|ref|NC_020540.2|	1663728	1664741	0.0	1017
gi_409913960_ref_NC_018936.1__184	gi|523414886|ref|NC_020540.2|	1813921	1813962	0.20	1017
