gi_523414886_ref_NC_020540.2__1233	gi|409913960|ref|NC_018936.1|	1234946	1233216	0.0	1734
gi_523414886_ref_NC_020540.2__1612	gi|409913960|ref|NC_018936.1|	205991	207349	0.0	1362
gi_523414886_ref_NC_020540.2__267	gi|409913960|ref|NC_018936.1|	273278	274393	0.0	1119
gi_523414886_ref_NC_020540.2__289	gi|409913960|ref|NC_018936.1|	294850	295341	2e-105	495
gi_523414886_ref_NC_020540.2__333	gi|409913960|ref|NC_018936.1|	334566	335192	7e-137	630
gi_523414886_ref_NC_020540.2__250	gi|409913960|ref|NC_018936.1|	1595579	1595436	7e-27	147
gi_523414886_ref_NC_020540.2__254	gi|409913960|ref|NC_018936.1|	1592454	1590550	0.0	1908
gi_523414886_ref_NC_020540.2__1637	gi|409913960|ref|NC_018936.1|	1694034	1693753	2e-45	285
gi_523414886_ref_NC_020540.2__343	gi|409913960|ref|NC_018936.1|	341801	342154	2e-76	357
gi_523414886_ref_NC_020540.2__1606	gi|409913960|ref|NC_018936.1|	213534	214268	8e-166	738
gi_523414886_ref_NC_020540.2__1396	gi|409913960|ref|NC_018936.1|	1412059	1411895	7e-31	168
gi_523414886_ref_NC_020540.2__1613	gi|409913960|ref|NC_018936.1|	205464	205907	5e-96	447
gi_523414886_ref_NC_020540.2__1631	gi|409913960|ref|NC_018936.1|	1687934	1686345	0.0	1602
gi_523414886_ref_NC_020540.2__1041	gi|409913960|ref|NC_018936.1|	1056332	1054341	0.0	1995
gi_523414886_ref_NC_020540.2__769	gi|409913960|ref|NC_018936.1|	801661	801981	4e-56	324
gi_523414886_ref_NC_020540.2__1641	gi|409913960|ref|NC_018936.1|	1696947	1696645	8e-66	306
gi_523414886_ref_NC_020540.2__774	gi|409913960|ref|NC_018936.1|	805793	805930	2e-25	141
gi_523414886_ref_NC_020540.2__656	gi|409913960|ref|NC_018936.1|	680218	678209	0.0	2013
gi_523414886_ref_NC_020540.2__334	gi|409913960|ref|NC_018936.1|	335419	336006	8e-122	591
gi_523414886_ref_NC_020540.2__766	gi|409913960|ref|NC_018936.1|	799658	800155	5e-102	501
gi_523414886_ref_NC_020540.2__767	gi|409913960|ref|NC_018936.1|	800274	800498	4e-27	366
gi_523414886_ref_NC_020540.2__669	gi|409913960|ref|NC_018936.1|	691694	692920	0.0	1230
gi_523414886_ref_NC_020540.2__281	gi|409913960|ref|NC_018936.1|	287573	286902	3e-147	675
gi_523414886_ref_NC_020540.2__278	gi|409913960|ref|NC_018936.1|	283280	283969	4e-98	693
gi_523414886_ref_NC_020540.2__757	gi|409913960|ref|NC_018936.1|	789074	790117	0.0	1047
gi_523414886_ref_NC_020540.2__666	gi|409913960|ref|NC_018936.1|	689958	690794	0.0	840
gi_523414886_ref_NC_020540.2__1642	gi|409913960|ref|NC_018936.1|	1698082	1696952	0.0	1197
gi_523414886_ref_NC_020540.2__763	gi|409913960|ref|NC_018936.1|	795745	796344	1e-130	603
gi_523414886_ref_NC_020540.2__282	gi|409913960|ref|NC_018936.1|	288974	287586	0.0	1392
gi_523414886_ref_NC_020540.2__1410	gi|409913960|ref|NC_018936.1|	1422276	1422004	8e-58	276
gi_523414886_ref_NC_020540.2__1036	gi|409913960|ref|NC_018936.1|	1051666	1051517	8e-18	153
gi_523414886_ref_NC_020540.2__286	gi|409913960|ref|NC_018936.1|	291641	292171	5e-101	534
gi_523414886_ref_NC_020540.2__695	gi|409913960|ref|NC_018936.1|	720650	721633	0.0	987
gi_523414886_ref_NC_020540.2__279	gi|409913960|ref|NC_018936.1|	285396	284029	0.0	1371
gi_523414886_ref_NC_020540.2__654	gi|409913960|ref|NC_018936.1|	674945	676819	0.0	1878
gi_523414886_ref_NC_020540.2__654	gi|409913960|ref|NC_018936.1|	1738461	1738417	6.7	1878
gi_523414886_ref_NC_020540.2__1408	gi|409913960|ref|NC_018936.1|	1421841	1421641	2e-37	204
gi_523414886_ref_NC_020540.2__792	gi|409913960|ref|NC_018936.1|	818454	819578	0.0	1155
gi_523414886_ref_NC_020540.2__1406	gi|409913960|ref|NC_018936.1|	1421258	1421109	4e-27	153
gi_523414886_ref_NC_020540.2__670	gi|409913960|ref|NC_018936.1|	692933	693529	3e-131	600
gi_523414886_ref_NC_020540.2__671	gi|409913960|ref|NC_018936.1|	693680	694420	2e-151	744
gi_523414886_ref_NC_020540.2__1624	gi|409913960|ref|NC_018936.1|	1674392	1674096	7e-48	1068
gi_523414886_ref_NC_020540.2__1624	gi|409913960|ref|NC_018936.1|	1675160	1674720	3e-84	1068
gi_523414886_ref_NC_020540.2__1234	gi|409913960|ref|NC_018936.1|	1235683	1234946	5e-160	741
gi_523414886_ref_NC_020540.2__346	gi|409913960|ref|NC_018936.1|	344736	349676	0.0	4944
gi_523414886_ref_NC_020540.2__1610	gi|409913960|ref|NC_018936.1|	208169	208876	2e-144	711
gi_523414886_ref_NC_020540.2__255	gi|409913960|ref|NC_018936.1|	1590507	1588948	0.0	1563
gi_523414886_ref_NC_020540.2__698	gi|409913960|ref|NC_018936.1|	723805	723665	7e-06	177
gi_523414886_ref_NC_020540.2__1611	gi|409913960|ref|NC_018936.1|	207541	208035	2e-108	498
gi_523414886_ref_NC_020540.2__1622	gi|409913960|ref|NC_018936.1|	196765	197190	8e-97	459
gi_523414886_ref_NC_020540.2__1622	gi|409913960|ref|NC_018936.1|	272130	272585	7e-101	459
gi_523414886_ref_NC_020540.2__1622	gi|409913960|ref|NC_018936.1|	309555	309130	6e-96	459
gi_523414886_ref_NC_020540.2__1622	gi|409913960|ref|NC_018936.1|	1344047	1343622	4e-94	459
gi_523414886_ref_NC_020540.2__1622	gi|409913960|ref|NC_018936.1|	1495439	1494984	3e-99	459
gi_523414886_ref_NC_020540.2__1622	gi|409913960|ref|NC_018936.1|	1562667	1562242	6e-96	459
gi_523414886_ref_NC_020540.2__1622	gi|409913960|ref|NC_018936.1|	1673137	1672712	1e-96	459
gi_523414886_ref_NC_020540.2__1622	gi|409913960|ref|NC_018936.1|	1797329	1796904	1e-96	459
gi_523414886_ref_NC_020540.2__425	gi|409913960|ref|NC_018936.1|	423405	424550	0.0	1149
gi_523414886_ref_NC_020540.2__773	gi|409913960|ref|NC_018936.1|	804299	805609	0.0	1347
gi_523414886_ref_NC_020540.2__340	gi|409913960|ref|NC_018936.1|	339544	340404	0.0	864
gi_523414886_ref_NC_020540.2__285	gi|409913960|ref|NC_018936.1|	290511	291404	4e-156	897
gi_523414886_ref_NC_020540.2__268	gi|409913960|ref|NC_018936.1|	274421	274726	6e-62	309
gi_523414886_ref_NC_020540.2__672	gi|409913960|ref|NC_018936.1|	696580	694484	0.0	2100
gi_523414886_ref_NC_020540.2__427	gi|409913960|ref|NC_018936.1|	425852	426844	0.0	996
gi_523414886_ref_NC_020540.2__1607	gi|409913960|ref|NC_018936.1|	212244	213524	0.0	1284
gi_523414886_ref_NC_020540.2__668	gi|409913960|ref|NC_018936.1|	691394	691561	4e-31	171
gi_523414886_ref_NC_020540.2__762	gi|409913960|ref|NC_018936.1|	793764	795557	0.0	1797
gi_523414886_ref_NC_020540.2__1609	gi|409913960|ref|NC_018936.1|	209061	210503	0.0	1446
gi_523414886_ref_NC_020540.2__253	gi|409913960|ref|NC_018936.1|	1593193	1592459	6e-152	738
gi_523414886_ref_NC_020540.2__276	gi|409913960|ref|NC_018936.1|	281120	281962	0.0	846
gi_523414886_ref_NC_020540.2__1625	gi|409913960|ref|NC_018936.1|	1678751	1675260	0.0	3495
gi_523414886_ref_NC_020540.2__1627	gi|409913960|ref|NC_018936.1|	1681580	1680972	2e-130	819
gi_523414886_ref_NC_020540.2__1425	gi|409913960|ref|NC_018936.1|	1432193	1431672	3e-113	525
gi_523414886_ref_NC_020540.2__697	gi|409913960|ref|NC_018936.1|	722603	723508	4e-150	909
gi_523414886_ref_NC_020540.2__794	gi|409913960|ref|NC_018936.1|	820383	821156	5e-145	777
gi_523414886_ref_NC_020540.2__907	gi|409913960|ref|NC_018936.1|	934763	934993	4e-42	234
gi_523414886_ref_NC_020540.2__768	gi|409913960|ref|NC_018936.1|	801118	801483	5e-66	369
gi_523414886_ref_NC_020540.2__332	gi|409913960|ref|NC_018936.1|	332764	334395	0.0	1635
gi_523414886_ref_NC_020540.2__1402	gi|409913960|ref|NC_018936.1|	1419361	1418966	1e-71	399
gi_523414886_ref_NC_020540.2__269	gi|409913960|ref|NC_018936.1|	274798	275427	2e-139	633
gi_523414886_ref_NC_020540.2__1280	gi|409913960|ref|NC_018936.1|	1297546	1296908	1e-137	642
gi_523414886_ref_NC_020540.2__284	gi|409913960|ref|NC_018936.1|	289907	290461	3e-108	558
gi_523414886_ref_NC_020540.2__1281	gi|409913960|ref|NC_018936.1|	1298543	1297542	0.0	1005
gi_523414886_ref_NC_020540.2__291	gi|409913960|ref|NC_018936.1|	296504	297403	0.0	903
gi_523414886_ref_NC_020540.2__755	gi|409913960|ref|NC_018936.1|	786639	788285	0.0	1650
gi_523414886_ref_NC_020540.2__1643	gi|409913960|ref|NC_018936.1|	1698586	1698446	3e-26	144
gi_523414886_ref_NC_020540.2__344	gi|409913960|ref|NC_018936.1|	343058	342234	0.0	828
gi_523414886_ref_NC_020540.2__338	gi|409913960|ref|NC_018936.1|	338572	338808	5e-49	240
gi_523414886_ref_NC_020540.2__796	gi|409913960|ref|NC_018936.1|	822945	822283	2e-133	666
gi_523414886_ref_NC_020540.2__660	gi|409913960|ref|NC_018936.1|	683279	684169	8e-168	894
gi_523414886_ref_NC_020540.2__330	gi|409913960|ref|NC_018936.1|	330985	330206	6e-175	783
gi_523414886_ref_NC_020540.2__655	gi|409913960|ref|NC_018936.1|	677714	678121	4e-89	411
gi_523414886_ref_NC_020540.2__424	gi|409913960|ref|NC_018936.1|	421875	422657	1e-139	786
gi_523414886_ref_NC_020540.2__283	gi|409913960|ref|NC_018936.1|	289757	289047	3e-157	714
gi_523414886_ref_NC_020540.2__1629	gi|409913960|ref|NC_018936.1|	1685327	1683741	0.0	1590
gi_523414886_ref_NC_020540.2__696	gi|409913960|ref|NC_018936.1|	721947	722363	3e-91	420
gi_523414886_ref_NC_020540.2__277	gi|409913960|ref|NC_018936.1|	282215	283276	0.0	1065
gi_523414886_ref_NC_020540.2__337	gi|409913960|ref|NC_018936.1|	337678	338550	0.0	876
gi_523414886_ref_NC_020540.2__1614	gi|409913960|ref|NC_018936.1|	204587	205351	5e-164	768
gi_523414886_ref_NC_020540.2__904	gi|409913960|ref|NC_018936.1|	932260	931874	6e-84	390
gi_523414886_ref_NC_020540.2__699	gi|409913960|ref|NC_018936.1|	723939	724835	0.0	900
gi_523414886_ref_NC_020540.2__1399	gi|409913960|ref|NC_018936.1|	1416425	1414044	0.0	2385
gi_523414886_ref_NC_020540.2__1608	gi|409913960|ref|NC_018936.1|	210901	212244	0.0	1347
gi_523414886_ref_NC_020540.2__342	gi|409913960|ref|NC_018936.1|	341502	340876	7e-138	630
gi_523414886_ref_NC_020540.2__1401	gi|409913960|ref|NC_018936.1|	1418952	1418449	9e-101	558
gi_523414886_ref_NC_020540.2__765	gi|409913960|ref|NC_018936.1|	799325	797952	0.0	1377
gi_523414886_ref_NC_020540.2__661	gi|409913960|ref|NC_018936.1|	684154	685095	0.0	945
gi_523414886_ref_NC_020540.2__288	gi|409913960|ref|NC_018936.1|	293133	294632	0.0	1503
gi_523414886_ref_NC_020540.2__689	gi|409913960|ref|NC_018936.1|	712068	714014	0.0	1950
gi_523414886_ref_NC_020540.2__1398	gi|409913960|ref|NC_018936.1|	1413654	1413382	3e-57	276
gi_523414886_ref_NC_020540.2__1407	gi|409913960|ref|NC_018936.1|	1421641	1421258	1e-79	387
gi_523414886_ref_NC_020540.2__902	gi|409913960|ref|NC_018936.1|	930586	929057	0.0	1533
gi_523414886_ref_NC_020540.2__1639	gi|409913960|ref|NC_018936.1|	1694721	1694954	2e-48	237
gi_523414886_ref_NC_020540.2__693	gi|409913960|ref|NC_018936.1|	718397	719599	0.0	1206
gi_523414886_ref_NC_020540.2__429	gi|409913960|ref|NC_018936.1|	427712	429061	0.0	1353
gi_523414886_ref_NC_020540.2__761	gi|409913960|ref|NC_018936.1|	792265	793659	0.0	1398
gi_523414886_ref_NC_020540.2__287	gi|409913960|ref|NC_018936.1|	292441	293124	1e-147	687
gi_523414886_ref_NC_020540.2__906	gi|409913960|ref|NC_018936.1|	933774	934691	0.0	921
gi_523414886_ref_NC_020540.2__275	gi|409913960|ref|NC_018936.1|	279949	280788	5e-173	843
gi_523414886_ref_NC_020540.2__1619	gi|409913960|ref|NC_018936.1|	199187	198291	0.0	900
gi_523414886_ref_NC_020540.2__1619	gi|409913960|ref|NC_018936.1|	1820091	1820984	0.0	900
gi_523414886_ref_NC_020540.2__428	gi|409913960|ref|NC_018936.1|	427009	427716	8e-145	711
gi_523414886_ref_NC_020540.2__1423	gi|409913960|ref|NC_018936.1|	1429919	1430272	1e-75	357
gi_523414886_ref_NC_020540.2__1413	gi|409913960|ref|NC_018936.1|	1423150	1422998	1e-28	156
gi_523414886_ref_NC_020540.2__760	gi|409913960|ref|NC_018936.1|	791469	792167	3e-143	702
gi_523414886_ref_NC_020540.2__1283	gi|409913960|ref|NC_018936.1|	1301253	1299358	0.0	1899
gi_523414886_ref_NC_020540.2__336	gi|409913960|ref|NC_018936.1|	337025	337612	1e-126	636
gi_523414886_ref_NC_020540.2__1426	gi|409913960|ref|NC_018936.1|	1432629	1432180	5e-77	462
gi_523414886_ref_NC_020540.2__1405	gi|409913960|ref|NC_018936.1|	1421028	1420909	7e-22	204
gi_523414886_ref_NC_020540.2__905	gi|409913960|ref|NC_018936.1|	933506	932922	1e-128	588
gi_523414886_ref_NC_020540.2__1040	gi|409913960|ref|NC_018936.1|	1054315	1054007	9e-54	312
gi_523414886_ref_NC_020540.2__1634	gi|409913960|ref|NC_018936.1|	1691385	1690171	0.0	1218
gi_523414886_ref_NC_020540.2__1038	gi|409913960|ref|NC_018936.1|	1053669	1053223	3e-97	450
gi_523414886_ref_NC_020540.2__1409	gi|409913960|ref|NC_018936.1|	1170971	1170810	3e-25	171
gi_523414886_ref_NC_020540.2__1409	gi|409913960|ref|NC_018936.1|	1422004	1421837	4e-31	171
gi_523414886_ref_NC_020540.2__1630	gi|409913960|ref|NC_018936.1|	1686254	1686006	7e-40	252
gi_523414886_ref_NC_020540.2__793	gi|409913960|ref|NC_018936.1|	819592	820383	2e-171	795
gi_523414886_ref_NC_020540.2__690	gi|409913960|ref|NC_018936.1|	714144	716564	0.0	2424
gi_523414886_ref_NC_020540.2__1636	gi|409913960|ref|NC_018936.1|	1693327	1692062	0.0	1269
gi_523414886_ref_NC_020540.2__1404	gi|409913960|ref|NC_018936.1|	1420818	1420522	2e-48	300
gi_523414886_ref_NC_020540.2__1417	gi|409913960|ref|NC_018936.1|	1424902	1425978	0.0	1080
gi_523414886_ref_NC_020540.2__756	gi|409913960|ref|NC_018936.1|	788292	789077	2e-176	789
gi_523414886_ref_NC_020540.2__345	gi|409913960|ref|NC_018936.1|	343292	344470	0.0	1182
gi_523414886_ref_NC_020540.2__1626	gi|409913960|ref|NC_018936.1|	1679185	1680387	0.0	1206
gi_523414886_ref_NC_020540.2__1616	gi|409913960|ref|NC_018936.1|	200976	202679	0.0	1707
gi_523414886_ref_NC_020540.2__1635	gi|409913960|ref|NC_018936.1|	102463	102495	6.9	675
gi_523414886_ref_NC_020540.2__1635	gi|409913960|ref|NC_018936.1|	1692072	1691401	8e-148	675
gi_523414886_ref_NC_020540.2__1421	gi|409913960|ref|NC_018936.1|	1429431	1428709	1e-160	726
gi_523414886_ref_NC_020540.2__664	gi|409913960|ref|NC_018936.1|	688587	687313	0.0	1278
gi_523414886_ref_NC_020540.2__1424	gi|409913960|ref|NC_018936.1|	1431660	1430389	0.0	1275
gi_523414886_ref_NC_020540.2__1632	gi|409913960|ref|NC_018936.1|	1689424	1688039	0.0	1389
gi_523414886_ref_NC_020540.2__335	gi|409913960|ref|NC_018936.1|	336501	336773	2e-56	276
gi_523414886_ref_NC_020540.2__1418	gi|409913960|ref|NC_018936.1|	1426814	1426182	7e-142	636
gi_523414886_ref_NC_020540.2__1621	gi|409913960|ref|NC_018936.1|	197198	197299	1e-17	105
gi_523414886_ref_NC_020540.2__1621	gi|409913960|ref|NC_018936.1|	272593	272673	6e-12	105
gi_523414886_ref_NC_020540.2__1621	gi|409913960|ref|NC_018936.1|	309122	309039	5e-13	105
gi_523414886_ref_NC_020540.2__1621	gi|409913960|ref|NC_018936.1|	1343614	1343534	7e-12	105
gi_523414886_ref_NC_020540.2__1621	gi|409913960|ref|NC_018936.1|	1494976	1494896	6e-12	105
gi_523414886_ref_NC_020540.2__1621	gi|409913960|ref|NC_018936.1|	1562234	1562154	6e-12	105
gi_523414886_ref_NC_020540.2__1621	gi|409913960|ref|NC_018936.1|	1672704	1672624	6e-12	105
gi_523414886_ref_NC_020540.2__1621	gi|409913960|ref|NC_018936.1|	1796896	1796816	6e-12	105
gi_523414886_ref_NC_020540.2__1628	gi|409913960|ref|NC_018936.1|	1683553	1682102	0.0	1455
gi_523414886_ref_NC_020540.2__772	gi|409913960|ref|NC_018936.1|	803620	804303	1e-149	687
gi_523414886_ref_NC_020540.2__909	gi|409913960|ref|NC_018936.1|	937098	936427	1e-130	675
gi_523414886_ref_NC_020540.2__274	gi|409913960|ref|NC_018936.1|	279030	279743	4e-146	717
gi_523414886_ref_NC_020540.2__273	gi|409913960|ref|NC_018936.1|	277442	278545	0.0	1107
gi_523414886_ref_NC_020540.2__1620	gi|409913960|ref|NC_018936.1|	197518	198147	3e-113	672
gi_523414886_ref_NC_020540.2__775	gi|409913960|ref|NC_018936.1|	806048	806662	2e-123	618
gi_523414886_ref_NC_020540.2__1633	gi|409913960|ref|NC_018936.1|	1690074	1689424	5e-142	654
gi_523414886_ref_NC_020540.2__910	gi|409913960|ref|NC_018936.1|	939981	937447	0.0	2538
gi_523414886_ref_NC_020540.2__1638	gi|409913960|ref|NC_018936.1|	1694477	1694184	2e-62	297
gi_523414886_ref_NC_020540.2__667	gi|409913960|ref|NC_018936.1|	690877	691371	6e-111	498
gi_523414886_ref_NC_020540.2__341	gi|409913960|ref|NC_018936.1|	340434	340823	6e-71	393
gi_523414886_ref_NC_020540.2__331	gi|409913960|ref|NC_018936.1|	332676	331234	0.0	1446
gi_523414886_ref_NC_020540.2__1415	gi|409913960|ref|NC_018936.1|	1423840	1424220	7e-83	384
gi_523414886_ref_NC_020540.2__1397	gi|409913960|ref|NC_018936.1|	1413382	1412063	0.0	1323
gi_523414886_ref_NC_020540.2__280	gi|409913960|ref|NC_018936.1|	285630	286841	0.0	1215
gi_523414886_ref_NC_020540.2__422	gi|409913960|ref|NC_018936.1|	420061	421050	0.0	993
gi_523414886_ref_NC_020540.2__913	gi|409913960|ref|NC_018936.1|	942481	941681	0.0	804
gi_523414886_ref_NC_020540.2__1618	gi|409913960|ref|NC_018936.1|	200236	199223	0.0	1017
gi_523414886_ref_NC_020540.2__1618	gi|409913960|ref|NC_018936.1|	1820015	1820056	0.20	1017
gi_523414886_ref_NC_020540.2__1403	gi|409913960|ref|NC_018936.1|	1420519	1419368	0.0	1155
gi_523414886_ref_NC_020540.2__657	gi|409913960|ref|NC_018936.1|	680438	681067	6e-132	651
gi_523414886_ref_NC_020540.2__911	gi|409913960|ref|NC_018936.1|	940839	940189	7e-143	654
gi_523414886_ref_NC_020540.2__1257	gi|409913960|ref|NC_018936.1|	1263666	1261945	0.0	1725
gi_523414886_ref_NC_020540.2__795	gi|409913960|ref|NC_018936.1|	821152	822222	0.0	1074
gi_523414886_ref_NC_020540.2__1039	gi|409913960|ref|NC_018936.1|	1054001	1053669	1e-68	336
gi_523414886_ref_NC_020540.2__759	gi|409913960|ref|NC_018936.1|	790899	791462	2e-126	567
gi_523414886_ref_NC_020540.2__423	gi|409913960|ref|NC_018936.1|	421055	421870	6e-175	819
gi_523414886_ref_NC_020540.2__694	gi|409913960|ref|NC_018936.1|	720451	720152	1e-64	303
gi_523414886_ref_NC_020540.2__908	gi|409913960|ref|NC_018936.1|	936431	935124	0.0	1311
gi_523414886_ref_NC_020540.2__1420	gi|409913960|ref|NC_018936.1|	1428703	1427672	1e-177	1035
gi_523414886_ref_NC_020540.2__1282	gi|409913960|ref|NC_018936.1|	1299232	1298543	2e-127	693
gi_523414886_ref_NC_020540.2__700	gi|409913960|ref|NC_018936.1|	724908	726146	0.0	1242
gi_523414886_ref_NC_020540.2__1035	gi|409913960|ref|NC_018936.1|	1050626	1051363	1e-162	741
gi_523414886_ref_NC_020540.2__256	gi|409913960|ref|NC_018936.1|	1588964	1588362	2e-119	606
gi_523414886_ref_NC_020540.2__912	gi|409913960|ref|NC_018936.1|	941665	940910	2e-168	759
gi_523414886_ref_NC_020540.2__1037	gi|409913960|ref|NC_018936.1|	1053042	1051666	0.0	1380
gi_523414886_ref_NC_020540.2__1640	gi|409913960|ref|NC_018936.1|	1696153	1695236	3e-152	921
gi_523414886_ref_NC_020540.2__1400	gi|409913960|ref|NC_018936.1|	1418352	1416433	0.0	1923
gi_523414886_ref_NC_020540.2__764	gi|409913960|ref|NC_018936.1|	796472	797878	0.0	1410
gi_523414886_ref_NC_020540.2__758	gi|409913960|ref|NC_018936.1|	790217	790561	9e-74	348
gi_523414886_ref_NC_020540.2__776	gi|409913960|ref|NC_018936.1|	806747	807433	2e-146	690
gi_523414886_ref_NC_020540.2__662	gi|409913960|ref|NC_018936.1|	685091	686095	0.0	1008
gi_523414886_ref_NC_020540.2__659	gi|409913960|ref|NC_018936.1|	681852	682997	0.0	1233
gi_523414886_ref_NC_020540.2__1411	gi|409913960|ref|NC_018936.1|	1422553	1422341	5e-41	216
gi_523414886_ref_NC_020540.2__658	gi|409913960|ref|NC_018936.1|	681091	681756	2e-148	669
gi_523414886_ref_NC_020540.2__339	gi|409913960|ref|NC_018936.1|	339216	339536	3e-67	324
gi_523414886_ref_NC_020540.2__426	gi|409913960|ref|NC_018936.1|	424510	425754	0.0	1248
gi_523414886_ref_NC_020540.2__292	gi|409913960|ref|NC_018936.1|	297469	298776	0.0	1311
gi_523414886_ref_NC_020540.2__1617	gi|409913960|ref|NC_018936.1|	200534	200980	3e-95	450
gi_523414886_ref_NC_020540.2__252	gi|409913960|ref|NC_018936.1|	1593552	1593193	6e-78	363
gi_523414886_ref_NC_020540.2__270	gi|409913960|ref|NC_018936.1|	275427	276017	1e-130	594
gi_523414886_ref_NC_020540.2__1414	gi|409913960|ref|NC_018936.1|	1423476	1423823	1e-63	351
gi_523414886_ref_NC_020540.2__271	gi|409913960|ref|NC_018936.1|	276020	276394	6e-67	378
gi_523414886_ref_NC_020540.2__692	gi|409913960|ref|NC_018936.1|	717776	718003	1e-44	231
gi_523414886_ref_NC_020540.2__272	gi|409913960|ref|NC_018936.1|	276445	277185	1e-166	744
gi_523414886_ref_NC_020540.2__663	gi|409913960|ref|NC_018936.1|	686091	687077	0.0	990
gi_523414886_ref_NC_020540.2__1412	gi|409913960|ref|NC_018936.1|	1422601	1423011	4e-79	414
gi_523414886_ref_NC_020540.2__770	gi|409913960|ref|NC_018936.1|	802300	802506	1e-39	210
gi_523414886_ref_NC_020540.2__1419	gi|409913960|ref|NC_018936.1|	1427572	1426817	4e-171	792
gi_523414886_ref_NC_020540.2__290	gi|409913960|ref|NC_018936.1|	295331	296500	0.0	1173
gi_523414886_ref_NC_020540.2__771	gi|409913960|ref|NC_018936.1|	802774	803466	4e-141	696
gi_523414886_ref_NC_020540.2__665	gi|409913960|ref|NC_018936.1|	689749	688577	0.0	1176
gi_523414886_ref_NC_020540.2__1615	gi|409913960|ref|NC_018936.1|	202685	204466	0.0	1785
gi_523414886_ref_NC_020540.2__1623	gi|409913960|ref|NC_018936.1|	196060	196761	8e-154	705
gi_523414886_ref_NC_020540.2__1623	gi|409913960|ref|NC_018936.1|	271466	272167	2e-154	705
gi_523414886_ref_NC_020540.2__1623	gi|409913960|ref|NC_018936.1|	310260	309559	8e-155	705
gi_523414886_ref_NC_020540.2__1623	gi|409913960|ref|NC_018936.1|	1344754	1344051	7e-115	705
gi_523414886_ref_NC_020540.2__1623	gi|409913960|ref|NC_018936.1|	1496103	1495402	1e-155	705
gi_523414886_ref_NC_020540.2__1623	gi|409913960|ref|NC_018936.1|	1563372	1562671	8e-155	705
gi_523414886_ref_NC_020540.2__1623	gi|409913960|ref|NC_018936.1|	1673842	1673141	7e-155	705
gi_523414886_ref_NC_020540.2__1623	gi|409913960|ref|NC_018936.1|	1798034	1797333	7e-155	705
gi_523414886_ref_NC_020540.2__1416	gi|409913960|ref|NC_018936.1|	1424234	1424782	1e-73	552
gi_523414886_ref_NC_020540.2__691	gi|409913960|ref|NC_018936.1|	716690	717709	0.0	1023
gi_523414886_ref_NC_020540.2__1422	gi|409913960|ref|NC_018936.1|	1429503	1429919	6e-91	420
gi_523414886_ref_NC_020540.2__1256	gi|409913960|ref|NC_018936.1|	1261942	1260461	0.0	1485
gi_523414886_ref_NC_020540.2__251	gi|409913960|ref|NC_018936.1|	1595350	1593728	0.0	1626
gi_523414886_ref_NC_020540.2__903	gi|409913960|ref|NC_018936.1|	931777	930728	2e-180	1053
